
> spirebound@1.0.0 build
> vite build

vite v8.1.3 building client environment for production...
transforming...✓ 523 modules transformed.
rendering chunks...
computing gzip size...
dist/index.html                                                  3.88 kB │ gzip:   1.26 kB
dist/assets/coin-fW81wzh6.mp3                                    5.80 kB
dist/assets/draw-KZI867xo.mp3                                    5.80 kB
dist/assets/click-BAWfT69x.mp3                                   5.89 kB
dist/assets/alegreya-vietnamese-400-normal-D8CgJdBg.woff2        6.56 kB
dist/assets/hover-Dg1EnA_N.mp3                                   6.73 kB
dist/assets/atkEnemyLight-KcqAx3pc.mp3                           6.95 kB
dist/assets/atkHeroLight-DF_tGDgU.mp3                            6.95 kB
dist/assets/ember-BHhqC7i0.mp3                                   6.95 kB
dist/assets/energy-NKuuVcfp.mp3                                  6.95 kB
dist/assets/hit-Bej1RH7R.mp3                                     6.95 kB
dist/assets/alegreya-vietnamese-500-normal-1pKrKpC8.woff2        6.96 kB
dist/assets/alegreya-vietnamese-700-normal-CvM8am9u.woff2        6.97 kB
dist/assets/alegreya-greek-ext-400-normal-ueNFnE5s.woff2         7.08 kB
dist/assets/blocked-CdMovvzs.mp3                                 7.14 kB
dist/assets/alegreya-greek-ext-500-normal-CpSZDjmq.woff2         7.23 kB
dist/assets/alegreya-greek-ext-700-normal-DzPShcR4.woff2         7.36 kB
dist/assets/blocked-BPD_-h4x.mp3                                 7.53 kB
dist/assets/atkHeroLight-v48w3yvY.mp3                            7.56 kB
dist/assets/emberglass-mask-ownShade-DcKgxSIU.png                7.70 kB
dist/assets/emberglass-mask-unreadablePage-D6viaZ4N.png          7.71 kB
dist/assets/emberglass-mask-usurper-V55tE0Wh.png                 7.72 kB
dist/assets/emberglass-mask-hollowLamplighter-DBVVyrKb.png       7.73 kB
dist/assets/emberglass-mask-eighthOmen-BAExHZJw.png              7.79 kB
dist/assets/emberglass-mask-paleOnes-Cj_lMVi8.png                7.80 kB
dist/assets/draw-BOLCXWxc.mp3                                    7.98 kB
dist/assets/energy-DBeci4G_.mp3                                  7.98 kB
dist/assets/alegreya-greek-400-normal-BI7tMDVB.woff2             8.10 kB
dist/assets/cinzel-latin-ext-500-normal-1Z8Q-7rh.woff2           8.18 kB
dist/assets/cinzel-latin-ext-700-normal-C24KFjuG.woff2           8.25 kB
dist/assets/cinzel-latin-ext-800-normal-BVA5zD9y.woff2           8.33 kB
dist/assets/alegreya-vietnamese-400-normal-D-Jsyxvv.woff         8.40 kB
dist/assets/block-CCnwLUAd.mp3                                   8.40 kB
dist/assets/ember-CrA19EQt.mp3                                   8.40 kB
dist/assets/alegreya-greek-500-normal-Cs_YSU_p.woff2             8.42 kB
dist/assets/alegreya-greek-700-normal-ByoPpMZf.woff2             8.56 kB
dist/assets/slash-DA5Y3thL.mp3                                   8.68 kB
dist/assets/alegreya-vietnamese-500-normal-Bulx4Dj7.woff         8.82 kB
dist/assets/atkEnemyLight-CgN819nV.mp3                           8.82 kB
dist/assets/chip-C-Ig6Vux.mp3                                    8.82 kB
dist/assets/alegreya-vietnamese-700-normal-CdvEC7Dz.woff         8.84 kB
dist/assets/alegreya-greek-ext-400-normal-UcF-MPys.woff          9.23 kB
dist/assets/buff-CMo1FwrD.mp3                                    9.23 kB
dist/assets/card-BYdmO4a1.mp3                                    9.23 kB
dist/assets/card-FjXTSjOg.mp3                                    9.26 kB
dist/assets/alegreya-greek-ext-500-normal-DzZMWm6Q.woff          9.33 kB
dist/assets/alegreya-greek-ext-700-normal-DQPzd-kK.woff          9.47 kB
dist/assets/atkHeroMed-CyXLCy-c.mp3                              9.65 kB
dist/assets/coin-BNzFFE_a.mp3                                    9.65 kB
dist/assets/slash-Bozb9WgA.mp3                                   9.65 kB
dist/assets/cinzel-latin-ext-500-normal-BxIh9iwm.woff            9.67 kB
dist/assets/cinzel-latin-ext-700-normal-CORa-yIv.woff            9.81 kB
dist/assets/debuff-BeG6pgoL.mp3                                  9.83 kB
dist/assets/stagger-DXscKiEU.mp3                                 9.83 kB
dist/assets/cinzel-latin-ext-800-normal-gMcvnDsD.woff            9.84 kB
dist/assets/alegreya-greek-400-normal-BTnTTGc4.woff              9.93 kB
dist/assets/atkEnemyMed-DY5UVB-V.mp3                            10.07 kB
dist/assets/alegreya-greek-500-normal-DSAlufuP.woff             10.28 kB
dist/assets/alegreya-greek-700-normal-mWQ2Ne64.woff             10.31 kB
dist/assets/atkHeroMed-ScjFI8zb.mp3                             10.41 kB
dist/assets/block-CNsJAkRG.mp3                                  10.41 kB
dist/assets/debuff-BWg6Xh0H.mp3                                 10.49 kB
dist/assets/alegreya-cyrillic-ext-400-normal-DN8azYTI.woff2     10.76 kB
dist/assets/atkHeroHeavy-BOMyKavq.mp3                           10.91 kB
dist/assets/heal-B6kepkxS.mp3                                   10.91 kB
dist/assets/stagger-zz7sykzl.mp3                                10.91 kB
dist/assets/turn-DgKHemIS.mp3                                   10.91 kB
dist/assets/potion-C3Om8NbL.mp3                                 10.98 kB
dist/assets/kindle-C4QiqFhA.mp3                                 11.32 kB
dist/assets/map-CUGVhYSR.mp3                                    11.32 kB
dist/assets/potion-Biu0CGzP.mp3                                 11.32 kB
dist/assets/shatter-CKCw-d9R.mp3                                11.32 kB
dist/assets/alegreya-cyrillic-ext-500-normal-BIfGEemn.woff2     11.49 kB
dist/assets/alegreya-cyrillic-ext-700-normal-Dx8o6fqX.woff2     11.54 kB
dist/assets/atkEnemyMed-DdTibTTZ.mp3                            11.56 kB
dist/assets/poison-Ba0OZu-q.mp3                                 11.56 kB
dist/assets/death-Bg_RTrC3.mp3                                  11.74 kB
dist/assets/upgrade-0VPiO6Tw.mp3                                11.74 kB
dist/assets/alegreya-cyrillic-400-normal-72Io3whm.woff2         12.13 kB
dist/assets/buff-DaQlFCR9.mp3                                   12.14 kB
dist/assets/turn-rzmsaT0T.mp3                                   12.14 kB
dist/assets/poison-CObN6vDY.mp3                                 12.16 kB
dist/assets/atkEnemyHeavy-8R_F9kAp.mp3                          12.58 kB
dist/assets/alegreya-cyrillic-500-normal-uJUgykjJ.woff2         12.85 kB
dist/assets/alegreya-cyrillic-700-normal-Bftrb-m-.woff2         12.94 kB
dist/assets/alegreya-cyrillic-ext-400-normal-Cj1kF6KR.woff      12.99 kB
dist/assets/alegreya-cyrillic-ext-700-normal-A6q6xEOT.woff      13.59 kB
dist/assets/alegreya-cyrillic-ext-500-normal-BMQ-IlQd.woff      13.62 kB
dist/assets/hit-DQDE3tuP.mp3                                    13.83 kB
dist/assets/map-5MhiK7FB.mp3                                    13.86 kB
dist/assets/alegreya-cyrillic-400-normal-VT77nruV.woff          14.45 kB
dist/assets/cinzel-latin-500-normal-B-2dbOfA.woff2              15.04 kB
dist/assets/relic-DY4tcPPP.mp3                                  15.09 kB
dist/assets/alegreya-cyrillic-500-normal-h-VttLAG.woff          15.09 kB
dist/assets/alegreya-cyrillic-700-normal-_o_NBoYw.woff          15.14 kB
dist/assets/cinzel-latin-700-normal-Dkw14w9r.woff2              15.18 kB
dist/assets/cinzel-latin-800-normal-CwkMVn6z.woff2              15.26 kB
dist/assets/atkHeroHeavy-CW3VoD-f.mp3                           15.59 kB
dist/assets/kindle-woIxUXDP.mp3                                 15.59 kB
dist/assets/victory-Bj-6HCUd.mp3                                15.92 kB
dist/assets/heal-YNP0RqGw.mp3                                   16.17 kB
dist/assets/art-B3P6zACg.mp3                                    16.76 kB
dist/assets/defeat-8wdCXKLg.mp3                                 16.76 kB
dist/assets/atkEnemyHeavy-B3Jt29Kw.mp3                          17.32 kB
dist/assets/cinzel-latin-500-normal-DMNTwV-V.woff               17.39 kB
dist/assets/cinzel-latin-700-normal-C-gK7hA8.woff               17.52 kB
dist/assets/cinzel-latin-800-normal-69OYDlL6.woff               17.53 kB
dist/assets/death-T_wE6Jim.mp3                                  18.47 kB
dist/assets/upgrade-DgymvFk-.mp3                                19.05 kB
dist/assets/emberglass-frame-u2Gpi0k-.png                       19.23 kB
dist/assets/shatter-DdOTtITM.mp3                                19.62 kB
dist/assets/alegreya-latin-ext-400-normal-DYDhqid0.woff2        19.90 kB
dist/assets/bigDeath-CBDcm0da.mp3                               20.52 kB
dist/assets/omen-Cc3JCQKQ.mp3                                   20.52 kB
dist/assets/alegreya-latin-ext-500-normal-CgaU8MCv.woff2        21.31 kB
dist/assets/relic-De1VZPgU.mp3                                  21.35 kB
dist/assets/alegreya-latin-ext-700-normal-tmer0XtK.woff2        21.59 kB
dist/assets/alegreya-latin-400-normal-DnLtdBYH.woff2            22.87 kB
dist/assets/alegreya-latin-500-normal-CUAnVhXE.woff2            24.24 kB
dist/assets/alegreya-latin-700-normal-DFzgwtIk.woff2            24.32 kB
dist/assets/art-C_nzCTRu.mp3                                    24.81 kB
dist/assets/alegreya-latin-ext-400-normal-fmfUjRe-.woff         26.35 kB
dist/assets/victory-DkYeNMBU.mp3                                26.54 kB
dist/assets/alegreya-latin-ext-500-normal-B5nBs-12.woff         27.82 kB
dist/assets/alegreya-latin-400-normal-CKyVkEdS.woff             28.03 kB
dist/assets/alegreya-latin-ext-700-normal-DGZMAyhi.woff         28.12 kB
dist/assets/alegreya-latin-500-normal-Bsv9qsNd.woff             29.48 kB
dist/assets/alegreya-latin-700-normal-CVJdph97.woff             29.54 kB
dist/assets/defeat-g5IvKocI.mp3                                 29.99 kB
dist/assets/omen-B8CwcoBN.mp3                                   31.72 kB
dist/assets/bigDeath-BnVZAO3z.mp3                               32.87 kB
dist/assets/block-CkTqIuTb.png                                  34.54 kB
dist/assets/swift-xz-qROFX.png                                  41.13 kB
dist/assets/strength-CIdQsSW6.png                               42.09 kB
dist/assets/healing-KDHGTVtG.png                                50.05 kB
dist/assets/venom-D3l_eMKx.png                                  51.99 kB
dist/assets/fire-CAaEe0xi.png                                   53.00 kB
dist/assets/energy-BNM23nR-.png                                 53.22 kB
dist/assets/energy-CWJoumcv.png                                 67.11 kB
dist/assets/swift-Da4aGqnZ.png                                  72.60 kB
dist/assets/healing-Bf7MtUhk.png                                74.23 kB
dist/assets/fire-Bc2Edgqg.png                                   75.20 kB
dist/assets/strength-Bp64zOFp.png                               75.75 kB
dist/assets/venom-DzAfe6ZB.png                                  82.85 kB
dist/assets/block-DybnuP3a.png                                  86.95 kB
dist/assets/verdantBranch-BpapOPVN.png                          90.71 kB
dist/assets/duskmirror-ChDahFDy.png                             94.20 kB
dist/assets/vialOfLife-CqH_Yzkc.png                             95.04 kB
dist/assets/reapersBell-DK7zj2uj.png                            95.15 kB
dist/assets/warFetish-BphYE_UB.png                              98.66 kB
dist/assets/hp-vial-frame-DJr4Zhog.png                         105.98 kB
dist/assets/riverPearl-1k1ZwvLB.png                            106.99 kB
dist/assets/thiefOfWicks-WD5HQJ9E.png                          107.72 kB
dist/assets/gravebloom-CR3cDZz9.png                            109.23 kB
dist/assets/emberLantern-CzFc-ESn.png                          111.74 kB
dist/assets/heart-BSYoVjUn.png                                 119.25 kB
dist/assets/thinGlass-CCNgzO1U.png                             129.35 kB
dist/assets/monument-node-CtuHi8tA.png                         132.08 kB
dist/assets/bellOfEndings-CMuMud-J.png                         132.18 kB
dist/assets/ironTalisman-CLgSHgbT.png                          132.39 kB
dist/assets/intent-attack-DANp6nBe.png                         132.47 kB
dist/assets/energized-tpMiHiHG.png                             133.29 kB
dist/assets/emberHeart-D8pWC_qd.png                            133.43 kB
dist/assets/frozenCore-JuT4c4Zg.png                            137.07 kB
dist/assets/sweetRoot-DVIYyMAo.png                             137.08 kB
dist/assets/prismCharm-CWUUYnXM.png                            138.87 kB
dist/assets/executionersSeal-B-n0EUgT.png                      141.19 kB
dist/assets/sunBlossom-GItTIWOb.png                            143.44 kB
dist/assets/silkFan-Co6ZNxqb.png                               144.92 kB
dist/assets/wardingCharm-DcyucUO6.png                          147.37 kB
dist/assets/seersOrb--o7V7uP4.png                              148.36 kB
dist/assets/lantern-BxTZNPSF.png                               150.17 kB
dist/assets/heavyAir-CjAuZn0d.png                              152.32 kB
dist/assets/hollowCrown-CHl2KxBg.png                           153.09 kB
dist/assets/emberWind-Cw83yf4v.png                             156.25 kB
dist/assets/vulnerable-BQp8gTZ1.png                            162.35 kB
dist/assets/basaltIdol-BLUsj7rE.png                            172.54 kB
dist/assets/crownOfTithes-BCSNj05m.png                         174.91 kB
dist/assets/spendthrift-OT3LxCNB.png                           174.93 kB
dist/assets/ashenCore-BHw_xmlT.png                             175.67 kB
dist/assets/crownOfTheHearth-Cz96lab0.png                      177.14 kB
dist/assets/merchantsMark-YaAPSe2m.png                         177.25 kB
dist/assets/waningMoon-DyGgMjmd.png                            178.54 kB
dist/assets/menu-DFHeKgXq.png                                  181.58 kB
dist/assets/smolderingCoal-ESDuOXE3.png                        187.61 kB
dist/assets/candle-spent-CfNXC6HB.png                          188.92 kB
dist/assets/crownOfCinders-B4iyR0zw.png                        188.98 kB
dist/assets/candle-lit-D_mRgDpv.png                            189.56 kB
dist/assets/shatterersCrown-VlDF7CT4.png                       203.55 kB
dist/assets/str-BceaR6bB.png                                   208.18 kB
dist/assets/intent-buff-M0kZuu3S.png                           208.22 kB
dist/assets/node-frame-Bu_aKgqQ.png                            209.03 kB
dist/assets/thornBand-1rbgbbpR.png                             214.32 kB
dist/assets/node-monument-DgqXRiER.png                         215.54 kB
dist/assets/longNight-C2g4JuMB.png                             215.64 kB
dist/assets/weak-BVqZWBOd.png                                  216.92 kB
dist/assets/hungryDark-JCDxnDj4.png                            217.31 kB
dist/assets/venomous-C-ybwq21.png                              220.11 kB
dist/assets/ashfall-T4uYvK8I.png                               220.69 kB
dist/assets/travelersPack-Ctq6FXOL.png                         223.00 kB
dist/assets/firstDawn-BGaCCejS.png                             223.12 kB
dist/assets/nightsight-bIBKLafH.png                            223.45 kB
dist/assets/gold-CNm8Tont.png                                  225.24 kB
dist/assets/node-event-Dwi1rMhd.png                            225.92 kB
dist/assets/node-elite-Dr8eXEgO.png                            230.01 kB
dist/assets/chest-open-B5Uzt-_6.png                            231.00 kB
dist/assets/ritual--xxBwmXw.png                                234.43 kB
dist/assets/venomPouch-9GhvdgzC.png                            237.90 kB
dist/assets/twinPhials-D5-9T5W2.png                            239.71 kB
dist/assets/darkWalker-BcUgRerv.png                            240.82 kB
dist/assets/node-rest-CbI09k9u.png                             243.18 kB
dist/assets/ashfall-C0Z9oihA.png                               248.66 kB
dist/assets/frail-C1xWDqHa.png                                 251.40 kB
dist/assets/intent-heal-CqiRtmrR.png                           251.90 kB
dist/assets/untouched-Q4-Em2Wy.png                             254.73 kB
dist/assets/dex-N8ZMyTH1.png                                   255.17 kB
dist/assets/node-unlit-JPSMmZu0.png                            256.12 kB
dist/assets/poison-eOT81JHw.png                                256.26 kB
dist/assets/emberflow-WaDB__mJ.png                             256.76 kB
dist/assets/facet-empty-QZk7eMK9.png                           256.91 kB
dist/assets/rampage-ePkPHo3b.png                               256.98 kB
dist/assets/facet-chipped-DDSAbh1q.png                         259.21 kB
dist/assets/chest-Dz-t7vgq.png                                 261.59 kB
dist/assets/node-treasure-BUoWHgzy.png                         263.55 kB
dist/assets/beacon-CfpI4NvN.png                                266.32 kB
dist/assets/lanternFed-BdesJDJD.png                            266.70 kB
dist/assets/card-CHxK2GTL.png                                  270.32 kB
dist/assets/ashes-Cs59Tc_o.png                                 272.49 kB
dist/assets/ashSermon-CQLTV0YC.png                             273.93 kB
dist/assets/flare-Ca-5NBfJ.png                                 278.93 kB
dist/assets/end-turn-HdMF__c5.png                              282.11 kB
dist/assets/beacon-D6Cit09D.png                                282.26 kB
dist/assets/chest-open-D2mfQAex.png                            285.04 kB
dist/assets/intent-block-BG1dKhL5.png                          290.24 kB
dist/assets/node-monster-C8U1vNJg.png                          292.85 kB
dist/assets/emberFlask-BlP1krpU.png                            294.03 kB
dist/assets/chest-b-PO08AA.png                                 295.25 kB
dist/assets/emberveil-DRPFSPHg.png                             297.08 kB
dist/assets/stoke-D5pz9eOt.png                                 301.71 kB
dist/assets/node-boss-CLpbJCmF.png                             302.01 kB
dist/assets/node-shop-CNHOa5VI.png                             302.38 kB
dist/assets/thorns-tG3JnxUb.png                                305.29 kB
dist/assets/campfire-B-OrO4zT.png                              306.76 kB
dist/assets/mendglass-MxKA-x9I.png                             306.89 kB
dist/assets/deck-CvYhXvwm.png                                  308.19 kB
dist/assets/intent-debuff-hDJICPcw.png                         311.04 kB
dist/assets/keenEye-DPefaPGL.png                               311.74 kB
dist/assets/regen-3glMdJ9C.png                                 314.26 kB
dist/assets/ward-BbRNs_RB.png                                  317.79 kB
dist/assets/draw-dOoxDRW7.png                                  318.44 kB
dist/assets/pilgrimsCache-CsIcQUYT.png                         320.24 kB
dist/assets/discard-B0VECG-U.png                               321.66 kB
dist/assets/relic-Bo0IZDwg.png                                 321.84 kB
dist/assets/paneBreaker-h0dWvGCV.png                           327.43 kB
dist/assets/temperedGlass-BVjobJFG.png                         329.57 kB
dist/assets/fullPurse-DcTqZ-nz.png                             334.09 kB
dist/assets/warmHearth-DTnVpfFw.png                            340.08 kB
dist/assets/metallicize-D8bZ-dPU.png                           342.87 kB
dist/assets/barricade-TKMR6Ae6.png                             343.91 kB
dist/assets/coin-BQjQ5onw.png                                  349.71 kB
dist/assets/campfire-C5hpDY2a.png                              369.89 kB
dist/assets/hundredShards-BbMyoK2V.png                         370.36 kB
dist/assets/merchant-CRCPVNlm.png                              373.30 kB
dist/assets/merchant-COlFp5u3.png                              382.32 kB
dist/assets/chaosHound-D1R2CoW1.png                            485.23 kB
dist/assets/voidWisp-DqB4mImW.png                              498.18 kB
dist/assets/watcherEye-Cx0FZXO4.png                            545.30 kB
dist/assets/voltEel-BxcD87LR.png                               553.66 kB
dist/assets/shade-cFzxMAwm.png                                 594.73 kB
dist/assets/heraldOfEnd-B5j76nBL.png                           612.82 kB
dist/assets/drownedOne-762yKbrK.png                            618.36 kB
dist/assets/thornling-CqSviePj.png                             629.39 kB
dist/assets/sovereign-DlFMbPOe.png                             653.45 kB
dist/assets/firstSpark-CaQ5-JAc.png                            656.51 kB
dist/assets/deepmaw-BuZMfyUW.png                               673.28 kB
dist/assets/deepmaw-la4seO5f.png                               677.00 kB
dist/assets/duskblade-DBhvpfoa.png                             677.20 kB
dist/assets/chisel-BHUdyvP2.png                                683.12 kB
dist/assets/abyssalKnight-BA9qPzL_.png                         683.55 kB
dist/assets/strike-CmEr2qad.png                                690.30 kB
dist/assets/shellback-9j9gwuRI.png                             696.39 kB
dist/assets/defend-BT8TAbMa.png                                704.66 kB
dist/assets/voidColossus-D1BBPiCC.png                          719.33 kB
dist/assets/empower-DauCte29.png                               730.30 kB
dist/assets/duskblade-DupP5i2p.png                             730.64 kB
dist/assets/eclipseSlash-B5W8xu8L.png                          730.77 kB
dist/assets/tidecaller-C3FvvD8d.png                            732.53 kB
dist/assets/drownedOne-BUBzJWlu.png                            740.02 kB
dist/assets/voidWisp-D_7XlB9X.png                              745.12 kB
dist/assets/voidChest-B34oBTge.png                             763.90 kB
dist/assets/sporeling-B8wAP_1e.png                             767.79 kB
dist/assets/ashAcolyte-BBrUUe1I.png                            787.33 kB
dist/assets/ashAcolyte-W7Bx9eY3.png                            789.91 kB
dist/assets/ashwarden-D21mg7QM.png                             792.27 kB
dist/assets/obsidianGolem-DkurqVoj.png                         793.39 kB
dist/assets/title-BZbtHJmc.png                                 800.38 kB
dist/assets/shade-C2XrmBs-.png                                 802.72 kB
dist/assets/ashwarden-BjFdmgoK.png                             808.10 kB
dist/assets/mirelurker-DidtJkek.png                            816.37 kB
dist/assets/emberglass-mural-Bz8Nb5Mt.png                      820.63 kB
dist/assets/siren-GVK3WWGi.png                                 827.74 kB
dist/assets/thornling-BJhkzjJz.png                             839.52 kB
dist/assets/waylayer-qynHTjuH.png                              841.80 kB
dist/assets/duskfang-kVQE2Vbx.png                              855.26 kB
dist/assets/fleshTrader-q8lAx2oa.png                           858.60 kB
dist/assets/duskfang-CHUmjhPP.png                              859.27 kB
dist/assets/voltEel-CJeHty9B.png                               862.44 kB
dist/assets/leviathan-DUX2Oy2k.png                             876.17 kB
dist/assets/emberFountain-D_Q0157p.png                         879.70 kB
dist/assets/gambler-D4lmA3Yw.png                               880.18 kB
dist/assets/forgottenShrine-CYFo9R9B.png                       881.69 kB
dist/assets/alphaFang-CYs2MfQS.png                             883.73 kB
dist/assets/mirelurker-Cs0-ryPe.png                            886.88 kB
dist/assets/rootheart-B4o9Bf9P.png                             888.71 kB
dist/assets/starCultist-DQHXdHm5.png                           895.08 kB
dist/assets/fallen-D70fZZUD.png                                906.88 kB
dist/assets/abyssalKnight-C-E-itbM.png                         915.33 kB
dist/assets/tidecaller-tGjufTlQ.png                            921.03 kB
dist/assets/sporeling-BeOaEEL0.png                             928.69 kB
dist/assets/cursedIdol--s0qHWso.png                            939.01 kB
dist/assets/ruinedCamp-BvAZgrK0.png                            939.18 kB
dist/assets/forge-i5xE2DIv.png                                 946.75 kB
dist/assets/heraldOfEnd-DZZiCKi_.png                           953.04 kB
dist/assets/voidColossus-yr_eofA0.png                          961.20 kB
dist/assets/chaosHound-Cu1tbGXO.png                            973.12 kB
dist/assets/waylayer-DkHd5xp-.png                              976.99 kB
dist/assets/sovereign-0p3wfa6T.png                             981.21 kB
dist/assets/siren-Boj63opF.png                                 984.06 kB
dist/assets/gloomslime-BNhQuFFa.png                            995.84 kB
dist/assets/starCultist-DrQ9SosS.png                         1,007.78 kB
dist/assets/woundedKnight-JN7kYI1u.png                       1,020.28 kB
dist/assets/gravewarden-CYbqq2Uz.png                         1,020.30 kB
dist/assets/mirror-Hp5O4ZPJ.png                              1,072.90 kB
dist/assets/ascended-BmNUkA_D.png                            1,083.68 kB
dist/assets/act1-mid-B4s3OZuq.png                            1,106.74 kB
dist/assets/leviathan-BhXEnJxl.png                           1,106.75 kB
dist/assets/rootheart-CoZqsgKs.png                           1,112.55 kB
dist/assets/gloomslime-BYNIQKkd.png                          1,129.77 kB
dist/assets/gravewarden-BC9T04oe.png                         1,133.52 kB
dist/assets/act1-backdrop-CC5kcu8K.png                       1,135.14 kB
dist/assets/obsidianGolem-B2_vm835.png                       1,188.85 kB
dist/assets/background-CqhrXvXS.png                          1,208.08 kB
dist/assets/library-CstvhNks.png                             1,212.32 kB
dist/assets/act3-backdrop-DFsKREnY.png                       1,238.21 kB
dist/assets/shellback-DCHXMl3u.png                           1,272.32 kB
dist/assets/alphaFang-DdGpQqF8.png                           1,308.62 kB
dist/assets/watcherEye---WypZip.png                          1,383.94 kB
dist/assets/act2-mid-BAevK0Pb.png                            1,701.68 kB
dist/assets/act3-mid-CukJ38oi.png                            1,730.19 kB
dist/assets/act2-backdrop-BtpNIaTG.png                       1,984.67 kB
dist/assets/act3-ledge-DuyDX66N.png                          2,006.99 kB
dist/assets/act1-ledge-Xknu1EDQ.png                          2,126.32 kB
dist/assets/embark-V_Gw1r-c.mp3                              2,161.15 kB
dist/assets/map-BopFl7Fq.mp3                                 2,161.15 kB
dist/assets/usurper-DYM-GXSk.mp3                             2,169.21 kB
dist/assets/act2-combat-BUNQDo8X.mp3                         2,170.00 kB
dist/assets/background-cEVCcaPg.png                          2,285.72 kB
dist/assets/eighth-omen-CJ_m6Jqh.mp3                         2,301.69 kB
dist/assets/act2-combat-M9UtKBbD.mp3                         2,326.46 kB
dist/assets/tithe-BNvDlR3N.png                               2,332.59 kB
dist/assets/map-9gUttaCg.mp3                                 2,367.80 kB
dist/assets/usurper-DtKClUxf.mp3                             2,373.78 kB
dist/assets/frenzy-qaLdgJOP.jpg                              2,393.19 kB
dist/assets/victory-BU24Vbtl.mp3                             2,393.85 kB
dist/assets/safe-nodes-Cs7dJK8Q.mp3                          2,424.69 kB
dist/assets/safe-nodes-DOSXc6gD.mp3                          2,438.78 kB
dist/assets/virulence-pwX1yrdH.png                           2,439.39 kB
dist/assets/flawlessForm-C34QTET6.png                        2,460.78 kB
dist/assets/burn-BVJa4vLy.png                                2,495.17 kB
dist/assets/wound-B5mKVM4_.jpg                               2,528.45 kB
dist/assets/victory-CTShuLyZ.mp3                             2,529.55 kB
dist/assets/executioner-DI8vj7EW.png                         2,554.56 kB
dist/assets/burn-DJ4EegTp.jpg                                2,569.35 kB
dist/assets/wound-BTcmqSFC.png                               2,570.98 kB
dist/assets/shade-duel-BGm5xwqQ.mp3                          2,576.28 kB
dist/assets/act1-combat-DHeomuQb.mp3                         2,579.86 kB
dist/assets/catalyst-C9UJqVfa.png                            2,592.35 kB
dist/assets/preparation-B0_lrDKo.png                         2,614.11 kB
dist/assets/nightSight-1ggiNsUe.png                          2,619.47 kB
dist/assets/tithe-DvZ_GGtQ.jpg                               2,621.37 kB
dist/assets/eighth-omen-Drh_Dj1R.mp3                         2,625.31 kB
dist/assets/act3-combat-DMu4_W_9.mp3                         2,630.01 kB
dist/assets/offering-BDnzVcbS.png                            2,630.82 kB
dist/assets/frenzy-BgGGtYpf.png                              2,639.77 kB
dist/assets/uppercut-C0A2yndn.png                            2,642.26 kB
dist/assets/ascension-C2Pll28_.png                           2,668.43 kB
dist/assets/brace-CDbc3WSx.png                               2,671.93 kB
dist/assets/quickSlash-BHIEN7hF.png                          2,674.48 kB
dist/assets/hollow-lamplighter-BFvWip3L.mp3                  2,692.22 kB
dist/assets/hollow-lamplighter-DXIDnoeJ.mp3                  2,692.88 kB
dist/assets/emberdance-CBOqWIEl.png                          2,712.71 kB
dist/assets/brace-Dc4SYgdF.jpg                               2,721.09 kB
dist/assets/act2-ledge-CVAyrxfF.png                          2,722.80 kB
dist/assets/lunge-BKNULJcP.png                               2,733.41 kB
dist/assets/pyreheart-BzRCI95J.png                           2,738.81 kB
dist/assets/devour-CXvHmKvA.png                              2,739.89 kB
dist/assets/act1-combat-CiwkVtEu.mp3                         2,742.91 kB
dist/assets/flurry-D8kOQQ9x.png                              2,746.71 kB
dist/assets/firstSpark-BpDCHsPu.jpg                          2,750.22 kB
dist/assets/surge-D5JDOylt.png                               2,764.17 kB
dist/assets/hex-CzQLIJW1.jpg                                 2,764.84 kB
dist/assets/regrowth-C0gMpqIX.jpg                            2,770.40 kB
dist/assets/hex-D3QIN_GY.png                                 2,781.28 kB
dist/assets/novaflare-BtAOF5B2.png                           2,795.88 kB
dist/assets/leechBlade-BgoitLbP.png                          2,804.38 kB
dist/assets/chisel-DGrQWYAc.jpg                              2,806.33 kB
dist/assets/fortify-BzU364vJ.jpg                             2,812.43 kB
dist/assets/shade-duel-MihYVBxe.mp3                          2,813.18 kB
dist/assets/quickSlash-DMRFz6rj.jpg                          2,813.26 kB
dist/assets/ashenChoir-Cjfn-BY1.png                          2,824.75 kB
dist/assets/regrowth-DCr6zV9b.png                            2,827.39 kB
dist/assets/annihilate-M3mspBDm.png                          2,846.58 kB
dist/assets/eclipseSlash-DEA5FgEC.jpg                        2,848.98 kB
dist/assets/flawlessForm-Di6668jF.jpg                        2,858.68 kB
dist/assets/preparation-BkmwWzr3.jpg                         2,859.36 kB
dist/assets/venomStrike-CXIglW-b.png                         2,872.35 kB
dist/assets/momentum-Clbqs0on.jpg                            2,879.56 kB
dist/assets/emberdance-B_CKT6sd.jpg                          2,881.12 kB
dist/assets/act1-boss-CqfpN7Ko.mp3                           2,881.15 kB
dist/assets/act2-boss-CTW81FyJ.mp3                           2,881.15 kB
dist/assets/act3-boss-BFnVKPis.mp3                           2,881.15 kB
dist/assets/defeat-BxUtlw4G.mp3                              2,881.15 kB
dist/assets/elite-Q_vE2JI3.mp3                               2,881.15 kB
dist/assets/pale-ones-yhihsV-C.mp3                           2,881.15 kB
dist/assets/rose-window-DXDmOViX.mp3                         2,881.15 kB
dist/assets/sealed-door-YEcRrA4c.mp3                         2,881.15 kB
dist/assets/title-BqrnMEbM.mp3                               2,881.15 kB
dist/assets/unreadable-page-CkVruwva.mp3                     2,881.15 kB
dist/assets/vigil-jcr6py6L.mp3                               2,881.15 kB
dist/assets/sidestep-D-t2UoHV.png                            2,881.49 kB
dist/assets/guardedStrike-BBAeWagI.png                       2,885.31 kB
dist/assets/twinFangs-C0lavWO6.jpg                           2,904.40 kB
dist/assets/cleave-Cs444Dst.png                              2,909.11 kB
dist/assets/bloodRite-xNaIV6FC.png                           2,911.19 kB
dist/assets/empower-D4P9cm_V.jpg                             2,913.07 kB
dist/assets/strike-DfYIx_7x.jpg                              2,913.23 kB
dist/assets/lunge-D9lgqjTD.jpg                               2,915.37 kB
dist/assets/cripple-CtSZS_Jx.png                             2,921.68 kB
dist/assets/pale-ones-CooxJYDP.mp3                           2,933.14 kB
dist/assets/guardedStrike-CesH5DLC.jpg                       2,937.19 kB
dist/assets/cripple-CRxGKuS4.jpg                             2,938.86 kB
dist/assets/deflect-C25gbOwx.png                             2,939.91 kB
dist/assets/oblivionStrike-Ck8D7viT.png                      2,948.76 kB
dist/assets/sidestep-CeDzy6bs.jpg                            2,952.05 kB
dist/assets/bastion-CM0wK4Yy.jpg                             2,958.21 kB
dist/assets/momentum-D0hGLm2N.png                            2,964.74 kB
dist/assets/ashenChoir-DTfq4XXZ.jpg                          2,969.76 kB
dist/assets/defend-mmYA7HKX.jpg                              2,973.53 kB
dist/assets/ironSkin-DIcLMutG.png                            2,975.09 kB
dist/assets/pyreheart-Cf86Pj1Y.jpg                           2,975.46 kB
dist/assets/bastion-D4uvW6Yu.png                             2,979.27 kB
dist/assets/novaflare-Dwvtjr_D.jpg                           2,984.85 kB
dist/assets/warCry-C7Rsrd4u.png                              3,002.66 kB
dist/assets/catalyst-ClagfpN0.jpg                            3,006.53 kB
dist/assets/executioner-BOy4ovki.jpg                         3,008.06 kB
dist/assets/bloodRite-ou1XgXoc.jpg                           3,019.96 kB
dist/assets/defeat-CEYEW4hp.mp3                              3,020.53 kB
dist/assets/devour-CST2E0aP.jpg                              3,023.68 kB
dist/assets/leechBlade-CFp6z-JI.jpg                          3,026.99 kB
dist/assets/bulwark-CjEcWZ-i.jpg                             3,030.16 kB
dist/assets/ascension-S4GAfpbx.jpg                           3,033.47 kB
dist/assets/shardstorm-DIKHFs35.jpg                          3,048.75 kB
dist/assets/embark-DAYrumtx.mp3                              3,050.55 kB
dist/assets/agility-D28Eu8MG.png                             3,058.63 kB
dist/assets/ironSkin-BOE1a1BZ.jpg                            3,058.93 kB
dist/assets/agility-CUG3xKOo.jpg                             3,061.96 kB
dist/assets/limitBreak-D3VHagIC.png                          3,065.60 kB
dist/assets/heavyBlow-XGOXUeSq.jpg                           3,072.86 kB
dist/assets/smother-DFWDS6kH.jpg                             3,073.82 kB
dist/assets/virulence-vlHxYWHm.jpg                           3,086.79 kB
dist/assets/smother-Boa7xrCA.png                             3,087.73 kB
dist/assets/fortify-DEACu-Zo.png                             3,099.55 kB
dist/assets/twinFangs-BUW2V2Kq.png                           3,106.13 kB
dist/assets/venomStrike-DGTk3cTA.jpg                         3,114.73 kB
dist/assets/aegis-BbAK7DRy.png                               3,116.57 kB
dist/assets/annihilate-CXlkbExQ.jpg                          3,117.10 kB
dist/assets/phantomBlades-CZgzKQZJ.png                       3,127.57 kB
dist/assets/phantomBlades-Bck63olt.jpg                       3,141.88 kB
dist/assets/quakeblow-DZuM_zei.png                           3,154.28 kB
dist/assets/toxicMist-BUGxQeK0.png                           3,168.91 kB
dist/assets/toxicMist-DMOH0JOL.jpg                           3,171.42 kB
dist/assets/ashBite-BBZrYNBt.png                             3,176.15 kB
dist/assets/act1-boss-D2JY_LAX.mp3                           3,178.26 kB
dist/assets/act3-combat-BCoJsj3d.mp3                         3,179.62 kB
dist/assets/cleave-CvexqRxg.jpg                              3,195.17 kB
dist/assets/heavyBlow-Btb1hEmS.png                           3,203.11 kB
dist/assets/resonantLance-DFyDlcY4.png                       3,211.81 kB
dist/assets/ashBite-BYzdJfb7.jpg                             3,217.39 kB
dist/assets/limitBreak-BU_PNCuK.jpg                          3,219.98 kB
dist/assets/act2-boss-w-0YrDvC.mp3                           3,230.81 kB
dist/assets/deflect-BKgfxyAn.jpg                             3,231.20 kB
dist/assets/tempest-DosF7X1A.png                             3,233.65 kB
dist/assets/uppercut-CY7mUqmx.jpg                            3,239.95 kB
dist/assets/bulwark-DvQ82Xby.png                             3,257.04 kB
dist/assets/shardstorm-CtSThqM0.png                          3,273.77 kB
dist/assets/offering-BaVvule_.jpg                            3,292.76 kB
dist/assets/resonantLance-CCStaA3R.jpg                       3,330.45 kB
dist/assets/quakeblow-DZPTH_O8.jpg                           3,424.10 kB
dist/assets/oblivionStrike-CXq1522m.jpg                      3,432.52 kB
dist/assets/tempest-K9Ub9Fd7.jpg                             3,451.47 kB
dist/assets/surge-Ci44wXor.jpg                               3,496.54 kB
dist/assets/nightSight-DuZK4KbA.jpg                          3,499.95 kB
dist/assets/rose-window-DWw8_7-Y.mp3                         3,541.19 kB
dist/assets/act3-boss-DRjer9Eo.mp3                           3,547.81 kB
dist/assets/flurry-BgnBaWD-.jpg                              3,596.04 kB
dist/assets/title-hv_nR6fm.mp3                               3,709.86 kB
dist/assets/vigil-nm1lAxi4.mp3                               3,770.74 kB
dist/assets/warCry-BO21yVwc.jpg                              3,773.10 kB
dist/assets/aegis-D665L0sd.jpg                               3,784.40 kB
dist/assets/elite-D1pGH3Ls.mp3                               3,909.49 kB
dist/assets/sealed-door-7U9D2ofu.mp3                         4,185.37 kB
dist/assets/unreadable-page-BkTiAYR4.mp3                     4,333.09 kB
dist/assets/index-DfL4Yp0p.css                                 126.69 kB │ gzip:  27.33 kB
dist/assets/index-Ch_Qq82P.js                                1,005.63 kB │ gzip: 287.65 kB

✓ built in 949ms
[plugin builtin:vite-reporter]
(!) Some chunks are larger than 500 kB after minification. Consider:
- Using dynamic import() to code-split the application
- Use build.rolldownOptions.output.codeSplitting to improve chunking: https://rolldown.rs/reference/OutputOptions.codeSplitting
- Adjust chunk size limit for this warning via build.chunkSizeWarningLimit.
