[WebServer] (node:92284) Warning: The 'NO_COLOR' env is ignored due to the 'FORCE_COLOR' env being set.
[WebServer] (Use `node --trace-warnings ...` to show where the warning was created)

Running 48 tests using 1 worker

(node:92286) Warning: The 'NO_COLOR' env is ignored due to the 'FORCE_COLOR' env being set.
(Use `node --trace-warnings ...` to show where the warning was created)
  ✓   1 [desktop] › test/e2e/visual.spec.js:110:1 › title screen (2.6s)
  ✓   2 [desktop] › test/e2e/visual.spec.js:115:1 › map screen (7.9s)
  ✓   3 [desktop] › test/e2e/visual.spec.js:123:3 › combat act 1 (3.7s)
  ✓   4 [desktop] › test/e2e/visual.spec.js:123:3 › combat act 2 (3.4s)
  ✓   5 [desktop] › test/e2e/visual.spec.js:123:3 › combat act 3 (3.5s)
  ✓   6 [desktop] › test/e2e/visual.spec.js:131:1 › reward screen (6.2s)
  ✓   7 [desktop] › test/e2e/visual.spec.js:144:3 › shop screen (2.5s)
  ✓   8 [desktop] › test/e2e/visual.spec.js:144:3 › rest screen (2.3s)
  ✓   9 [desktop] › test/e2e/visual.spec.js:144:3 › treasure screen (2.2s)
  ✓  10 [desktop] › test/e2e/visual.spec.js:144:3 › embark screen (2.0s)
  ✓  11 [desktop] › test/e2e/visual.spec.js:144:3 › vigil screen (2.2s)
  ✓  12 [desktop] › test/e2e/visual.spec.js:151:1 › event screen (2.3s)
  ✓  13 [desktop] › test/e2e/visual.spec.js:160:1 › title with Emberglass medallion (2.4s)
  ✓  14 [desktop] › test/e2e/visual.spec.js:166:1 › Rose Window with mixed disclosure states (4.0s)
  ✓  15 [desktop] › test/e2e/visual.spec.js:176:1 › Rose Window fallback with mixed disclosure states (4.0s)
  ✓  16 [desktop] › test/e2e/visual.spec.js:187:1 › sealed summit promise (9.3s)
(node:95153) Warning: The 'NO_COLOR' env is ignored due to the 'FORCE_COLOR' env being set.
(Use `node --trace-warnings ...` to show where the warning was created)
  ✓  17 [portrait] › test/e2e/visual.spec.js:110:1 › title screen (2.1s)
  ✓  18 [portrait] › test/e2e/visual.spec.js:115:1 › map screen (6.9s)
  ✓  19 [portrait] › test/e2e/visual.spec.js:123:3 › combat act 1 (3.0s)
  ✓  20 [portrait] › test/e2e/visual.spec.js:123:3 › combat act 2 (2.9s)
  ✓  21 [portrait] › test/e2e/visual.spec.js:123:3 › combat act 3 (3.0s)
  ✓  22 [portrait] › test/e2e/visual.spec.js:131:1 › reward screen (5.9s)
  ✓  23 [portrait] › test/e2e/visual.spec.js:144:3 › shop screen (2.2s)
  ✓  24 [portrait] › test/e2e/visual.spec.js:144:3 › rest screen (2.0s)
  ✓  25 [portrait] › test/e2e/visual.spec.js:144:3 › treasure screen (2.0s)
  ✓  26 [portrait] › test/e2e/visual.spec.js:144:3 › embark screen (1.9s)
  ✓  27 [portrait] › test/e2e/visual.spec.js:144:3 › vigil screen (2.1s)
  ✓  28 [portrait] › test/e2e/visual.spec.js:151:1 › event screen (2.0s)
  ✓  29 [portrait] › test/e2e/visual.spec.js:160:1 › title with Emberglass medallion (2.2s)
  ✓  30 [portrait] › test/e2e/visual.spec.js:166:1 › Rose Window with mixed disclosure states (3.8s)
  ✓  31 [portrait] › test/e2e/visual.spec.js:176:1 › Rose Window fallback with mixed disclosure states (3.8s)
  ✓  32 [portrait] › test/e2e/visual.spec.js:187:1 › sealed summit promise (8.7s)
(node:96823) Warning: The 'NO_COLOR' env is ignored due to the 'FORCE_COLOR' env being set.
(Use `node --trace-warnings ...` to show where the warning was created)
  ✓  33 [landscape] › test/e2e/visual.spec.js:110:1 › title screen (2.1s)
  ✓  34 [landscape] › test/e2e/visual.spec.js:115:1 › map screen (7.7s)
  ✓  35 [landscape] › test/e2e/visual.spec.js:123:3 › combat act 1 (3.0s)
  ✓  36 [landscape] › test/e2e/visual.spec.js:123:3 › combat act 2 (3.0s)
  ✓  37 [landscape] › test/e2e/visual.spec.js:123:3 › combat act 3 (3.0s)
  ✓  38 [landscape] › test/e2e/visual.spec.js:131:1 › reward screen (5.8s)
  ✓  39 [landscape] › test/e2e/visual.spec.js:144:3 › shop screen (2.1s)
  ✓  40 [landscape] › test/e2e/visual.spec.js:144:3 › rest screen (2.0s)
  ✓  41 [landscape] › test/e2e/visual.spec.js:144:3 › treasure screen (2.0s)
  ✓  42 [landscape] › test/e2e/visual.spec.js:144:3 › embark screen (1.9s)
  ✓  43 [landscape] › test/e2e/visual.spec.js:144:3 › vigil screen (2.0s)
  ✓  44 [landscape] › test/e2e/visual.spec.js:151:1 › event screen (2.0s)
  ✓  45 [landscape] › test/e2e/visual.spec.js:160:1 › title with Emberglass medallion (2.1s)
  ✓  46 [landscape] › test/e2e/visual.spec.js:166:1 › Rose Window with mixed disclosure states (3.8s)
  ✓  47 [landscape] › test/e2e/visual.spec.js:176:1 › Rose Window fallback with mixed disclosure states (3.0s)
  ✓  48 [landscape] › test/e2e/visual.spec.js:187:1 › sealed summit promise (9.2s)

  48 passed (2.9m)
