
> spirebound@1.0.0 test:e2e:update
> playwright test visual --update-snapshots --workers=1 --no-deps


Running 48 tests using 1 worker

  ✓   1 [desktop] › test/e2e/visual.spec.js:110:1 › title screen (5.3s)
  ✓   2 [desktop] › test/e2e/visual.spec.js:115:1 › map screen (45.9s)
  ✓   3 [desktop] › test/e2e/visual.spec.js:123:3 › combat act 1 (7.5s)
  ✓   4 [desktop] › test/e2e/visual.spec.js:123:3 › combat act 2 (6.4s)
  ✓   5 [desktop] › test/e2e/visual.spec.js:123:3 › combat act 3 (7.5s)
  ✓   6 [desktop] › test/e2e/visual.spec.js:131:1 › reward screen (12.4s)
  ✓   7 [desktop] › test/e2e/visual.spec.js:144:3 › shop screen (6.4s)
  ✓   8 [desktop] › test/e2e/visual.spec.js:144:3 › rest screen (4.9s)
  ✓   9 [desktop] › test/e2e/visual.spec.js:144:3 › treasure screen (5.7s)
  ✓  10 [desktop] › test/e2e/visual.spec.js:144:3 › embark screen (4.6s)
  ✓  11 [desktop] › test/e2e/visual.spec.js:144:3 › vigil screen (5.3s)
  ✓  12 [desktop] › test/e2e/visual.spec.js:151:1 › event screen (5.0s)
  ✓  13 [desktop] › test/e2e/visual.spec.js:160:1 › title with Emberglass medallion (6.8s)
/work/test/e2e/visual.spec.js-snapshots/rose-window-desktop-linux.png is re-generated, writing actual.
  ✓  14 [desktop] › test/e2e/visual.spec.js:166:1 › Rose Window with mixed disclosure states (10.8s)
/work/test/e2e/visual.spec.js-snapshots/rose-window-fallback-desktop-linux.png is re-generated, writing actual.
  ✓  15 [desktop] › test/e2e/visual.spec.js:176:1 › Rose Window fallback with mixed disclosure states (11.7s)
  ✓  16 [desktop] › test/e2e/visual.spec.js:187:1 › sealed summit promise (1.1m)
  ✓  17 [portrait] › test/e2e/visual.spec.js:110:1 › title screen (2.9s)
  ✓  18 [portrait] › test/e2e/visual.spec.js:115:1 › map screen (8.7s)
  ✓  19 [portrait] › test/e2e/visual.spec.js:123:3 › combat act 1 (4.0s)
  ✓  20 [portrait] › test/e2e/visual.spec.js:123:3 › combat act 2 (4.0s)
  ✓  21 [portrait] › test/e2e/visual.spec.js:123:3 › combat act 3 (4.1s)
  ✓  22 [portrait] › test/e2e/visual.spec.js:131:1 › reward screen (7.2s)
  ✓  23 [portrait] › test/e2e/visual.spec.js:144:3 › shop screen (3.3s)
  ✓  24 [portrait] › test/e2e/visual.spec.js:144:3 › rest screen (2.9s)
  ✓  25 [portrait] › test/e2e/visual.spec.js:144:3 › treasure screen (2.8s)
  ✓  26 [portrait] › test/e2e/visual.spec.js:144:3 › embark screen (2.5s)
  ✓  27 [portrait] › test/e2e/visual.spec.js:144:3 › vigil screen (2.8s)
  ✓  28 [portrait] › test/e2e/visual.spec.js:151:1 › event screen (2.8s)
  ✓  29 [portrait] › test/e2e/visual.spec.js:160:1 › title with Emberglass medallion (3.5s)
/work/test/e2e/visual.spec.js-snapshots/rose-window-portrait-linux.png is re-generated, writing actual.
  ✓  30 [portrait] › test/e2e/visual.spec.js:166:1 › Rose Window with mixed disclosure states (4.9s)
/work/test/e2e/visual.spec.js-snapshots/rose-window-fallback-portrait-linux.png is re-generated, writing actual.
  ✓  31 [portrait] › test/e2e/visual.spec.js:176:1 › Rose Window fallback with mixed disclosure states (4.8s)
  ✓  32 [portrait] › test/e2e/visual.spec.js:187:1 › sealed summit promise (10.8s)
  ✓  33 [landscape] › test/e2e/visual.spec.js:110:1 › title screen (2.8s)
  ✓  34 [landscape] › test/e2e/visual.spec.js:115:1 › map screen (9.4s)
  ✓  35 [landscape] › test/e2e/visual.spec.js:123:3 › combat act 1 (3.7s)
  ✓  36 [landscape] › test/e2e/visual.spec.js:123:3 › combat act 2 (4.2s)
  ✓  37 [landscape] › test/e2e/visual.spec.js:123:3 › combat act 3 (4.3s)
  ✓  38 [landscape] › test/e2e/visual.spec.js:131:1 › reward screen (6.9s)
  ✓  39 [landscape] › test/e2e/visual.spec.js:144:3 › shop screen (3.2s)
  ✓  40 [landscape] › test/e2e/visual.spec.js:144:3 › rest screen (2.7s)
  ✓  41 [landscape] › test/e2e/visual.spec.js:144:3 › treasure screen (2.8s)
  ✓  42 [landscape] › test/e2e/visual.spec.js:144:3 › embark screen (2.5s)
  ✓  43 [landscape] › test/e2e/visual.spec.js:144:3 › vigil screen (2.9s)
  ✓  44 [landscape] › test/e2e/visual.spec.js:151:1 › event screen (2.9s)
  ✓  45 [landscape] › test/e2e/visual.spec.js:160:1 › title with Emberglass medallion (3.3s)
/work/test/e2e/visual.spec.js-snapshots/rose-window-landscape-linux.png is re-generated, writing actual.
  ✓  46 [landscape] › test/e2e/visual.spec.js:166:1 › Rose Window with mixed disclosure states (4.8s)
/work/test/e2e/visual.spec.js-snapshots/rose-window-fallback-landscape-linux.png is re-generated, writing actual.
  ✓  47 [landscape] › test/e2e/visual.spec.js:176:1 › Rose Window fallback with mixed disclosure states (4.9s)
  ✓  48 [landscape] › test/e2e/visual.spec.js:187:1 › sealed summit promise (11.2s)

  48 passed (5.9m)
