
> spirebound@1.0.0 test:e2e:visual
> playwright test visual --project=desktop --project=portrait --project=landscape --workers=1 --no-deps


Running 48 tests using 1 worker

  ✓   1 [desktop] › test/e2e/visual.spec.js:110:1 › title screen (5.7s)
  ✓   2 [desktop] › test/e2e/visual.spec.js:115:1 › map screen (43.4s)
  ✓   3 [desktop] › test/e2e/visual.spec.js:123:3 › combat act 1 (6.3s)
  ✓   4 [desktop] › test/e2e/visual.spec.js:123:3 › combat act 2 (7.9s)
  ✓   5 [desktop] › test/e2e/visual.spec.js:123:3 › combat act 3 (7.1s)
  ✓   6 [desktop] › test/e2e/visual.spec.js:131:1 › reward screen (13.4s)
  ✓   7 [desktop] › test/e2e/visual.spec.js:144:3 › shop screen (6.9s)
  ✓   8 [desktop] › test/e2e/visual.spec.js:144:3 › rest screen (6.1s)
  ✓   9 [desktop] › test/e2e/visual.spec.js:144:3 › treasure screen (4.8s)
  ✓  10 [desktop] › test/e2e/visual.spec.js:144:3 › embark screen (5.0s)
  ✓  11 [desktop] › test/e2e/visual.spec.js:144:3 › vigil screen (4.8s)
  ✓  12 [desktop] › test/e2e/visual.spec.js:151:1 › event screen (6.3s)
  ✓  13 [desktop] › test/e2e/visual.spec.js:160:1 › title with Emberglass medallion (8.3s)
  ✓  14 [desktop] › test/e2e/visual.spec.js:166:1 › Rose Window with mixed disclosure states (10.9s)
  ✓  15 [desktop] › test/e2e/visual.spec.js:176:1 › Rose Window fallback with mixed disclosure states (9.6s)
  ✓  16 [desktop] › test/e2e/visual.spec.js:187:1 › sealed summit promise (59.3s)
  ✓  17 [portrait] › test/e2e/visual.spec.js:110:1 › title screen (2.7s)
  ✓  18 [portrait] › test/e2e/visual.spec.js:115:1 › map screen (8.7s)
  ✓  19 [portrait] › test/e2e/visual.spec.js:123:3 › combat act 1 (3.8s)
  ✓  20 [portrait] › test/e2e/visual.spec.js:123:3 › combat act 2 (4.2s)
  ✓  21 [portrait] › test/e2e/visual.spec.js:123:3 › combat act 3 (4.2s)
  ✓  22 [portrait] › test/e2e/visual.spec.js:131:1 › reward screen (7.3s)
  ✓  23 [portrait] › test/e2e/visual.spec.js:144:3 › shop screen (3.4s)
  ✓  24 [portrait] › test/e2e/visual.spec.js:144:3 › rest screen (2.8s)
  ✓  25 [portrait] › test/e2e/visual.spec.js:144:3 › treasure screen (2.7s)
  ✓  26 [portrait] › test/e2e/visual.spec.js:144:3 › embark screen (2.7s)
  ✓  27 [portrait] › test/e2e/visual.spec.js:144:3 › vigil screen (2.8s)
  ✓  28 [portrait] › test/e2e/visual.spec.js:151:1 › event screen (2.9s)
  ✓  29 [portrait] › test/e2e/visual.spec.js:160:1 › title with Emberglass medallion (3.3s)
  ✓  30 [portrait] › test/e2e/visual.spec.js:166:1 › Rose Window with mixed disclosure states (5.0s)
  ✓  31 [portrait] › test/e2e/visual.spec.js:176:1 › Rose Window fallback with mixed disclosure states (5.0s)
  ✓  32 [portrait] › test/e2e/visual.spec.js:187:1 › sealed summit promise (10.8s)
  ✓  33 [landscape] › test/e2e/visual.spec.js:110:1 › title screen (2.6s)
  ✓  34 [landscape] › test/e2e/visual.spec.js:115:1 › map screen (9.4s)
  ✓  35 [landscape] › test/e2e/visual.spec.js:123:3 › combat act 1 (3.8s)
  ✓  36 [landscape] › test/e2e/visual.spec.js:123:3 › combat act 2 (4.1s)
  ✓  37 [landscape] › test/e2e/visual.spec.js:123:3 › combat act 3 (4.1s)
  ✓  38 [landscape] › test/e2e/visual.spec.js:131:1 › reward screen (6.9s)
  ✓  39 [landscape] › test/e2e/visual.spec.js:144:3 › shop screen (3.3s)
  ✓  40 [landscape] › test/e2e/visual.spec.js:144:3 › rest screen (2.7s)
  ✓  41 [landscape] › test/e2e/visual.spec.js:144:3 › treasure screen (2.7s)
  ✓  42 [landscape] › test/e2e/visual.spec.js:144:3 › embark screen (2.7s)
  ✓  43 [landscape] › test/e2e/visual.spec.js:144:3 › vigil screen (2.9s)
  ✓  44 [landscape] › test/e2e/visual.spec.js:151:1 › event screen (2.9s)
  ✓  45 [landscape] › test/e2e/visual.spec.js:160:1 › title with Emberglass medallion (3.3s)
  ✓  46 [landscape] › test/e2e/visual.spec.js:166:1 › Rose Window with mixed disclosure states (4.6s)
  ✓  47 [landscape] › test/e2e/visual.spec.js:176:1 › Rose Window fallback with mixed disclosure states (4.7s)
  ✓  48 [landscape] › test/e2e/visual.spec.js:187:1 › sealed summit promise (11.4s)

  48 passed (5.9m)
